<?xml version="1.0" encoding="UTF-8"?>
<!-- Generated by org.testng.reporters.JUnitXMLReporter -->
<testsuite hostname="LAPTOP-1DG9OKO7" ignored="2" name="Test" tests="4" failures="0" timestamp="2022-01-22T14:04:57 IST" time="0.057" errors="0">
  <testcase name="@BeforeClass launchBrowser" time="-1.642840497195E9" classname="com.crm.comcast.genericlibrary.BaseClass">
    <failure type="org.testng.TestNGException" message="
Parameter &amp;apos;browser&amp;apos; is required by BeforeClass on method launchBrowser but has not been marked @Optional or defined
in D:\SDET-29\Comcast_selenium_Framework\testng.xml">
      <![CDATA[org.testng.TestNGException: 
Parameter 'browser' is required by BeforeClass on method launchBrowser but has not been marked @Optional or defined
in D:\SDET-29\Comcast_selenium_Framework\testng.xml
at java.util.ArrayList.forEach(Unknown Source)
... Removed 22 stack frames]]>
    </failure>
  </testcase> <!-- @BeforeClass launchBrowser -->
  <testcase name="@BeforeMethod configBM" time="-1.64284049721E9" classname="com.crm.comcast.genericlibrary.BaseClass">
    <skipped/>
  </testcase> <!-- @BeforeMethod configBM -->
  <testcase name="@AfterMethod configAM" time="-1.642840497215E9" classname="com.crm.comcast.genericlibrary.BaseClass">
    <skipped/>
  </testcase> <!-- @AfterMethod configAM -->
  <testcase name="@BeforeMethod configBM" time="-1.642840497217E9" classname="com.crm.comcast.genericlibrary.BaseClass">
    <skipped/>
  </testcase> <!-- @BeforeMethod configBM -->
  <testcase name="@AfterMethod configAM" time="-1.642840497221E9" classname="com.crm.comcast.genericlibrary.BaseClass">
    <skipped/>
  </testcase> <!-- @AfterMethod configAM -->
  <testcase name="@AfterClass configAC" time="-1.642840497222E9" classname="com.crm.comcast.genericlibrary.BaseClass">
    <skipped/>
  </testcase> <!-- @AfterClass configAC -->
  <testcase name="@BeforeClass launchBrowser" time="-1.642840497225E9" classname="com.crm.comcast.genericlibrary.BaseClass">
    <failure type="org.testng.TestNGException" message="
Parameter &amp;apos;browser&amp;apos; is required by BeforeClass on method launchBrowser but has not been marked @Optional or defined
in D:\SDET-29\Comcast_selenium_Framework\testng.xml">
      <![CDATA[org.testng.TestNGException: 
Parameter 'browser' is required by BeforeClass on method launchBrowser but has not been marked @Optional or defined
in D:\SDET-29\Comcast_selenium_Framework\testng.xml
at java.util.ArrayList.forEach(Unknown Source)
... Removed 22 stack frames]]>
    </failure>
  </testcase> <!-- @BeforeClass launchBrowser -->
  <testcase name="@BeforeMethod configBM" time="-1.642840497228E9" classname="com.crm.comcast.genericlibrary.BaseClass">
    <skipped/>
  </testcase> <!-- @BeforeMethod configBM -->
  <testcase name="@AfterMethod configAM" time="-1.64284049723E9" classname="com.crm.comcast.genericlibrary.BaseClass">
    <skipped/>
  </testcase> <!-- @AfterMethod configAM -->
  <testcase name="@BeforeMethod configBM" time="-1.642840497231E9" classname="com.crm.comcast.genericlibrary.BaseClass">
    <skipped/>
  </testcase> <!-- @BeforeMethod configBM -->
  <testcase name="@AfterMethod configAM" time="-1.642840497236E9" classname="com.crm.comcast.genericlibrary.BaseClass">
    <skipped/>
  </testcase> <!-- @AfterMethod configAM -->
  <testcase name="@AfterClass configAC" time="-1.642840497237E9" classname="com.crm.comcast.genericlibrary.BaseClass">
    <skipped/>
  </testcase> <!-- @AfterClass configAC -->
  <testcase name="CreateOrgTest" time="0.0" classname="com.crm.comcast.organizationTest.OrganizationModuleTest">
    <skipped/>
  </testcase> <!-- CreateOrgTest -->
  <testcase name="CreateOrgWithIndustry" time="0.0" classname="com.crm.comcast.organizationTest.OrganizationModuleTest">
    <skipped/>
  </testcase> <!-- CreateOrgWithIndustry -->
  <testcase name="CreateContactTest" time="0.0" classname="com.crm.comcast.contactTest.ContactModuleTest">
    <skipped/>
  </testcase> <!-- CreateContactTest -->
  <testcase name="CreateContactWithOrgTest" time="0.0" classname="com.crm.comcast.contactTest.ContactModuleTest">
    <skipped/>
  </testcase> <!-- CreateContactWithOrgTest -->
  <testcase name="@BeforeSuite connectDatabase" time="0.0" classname="com.crm.comcast.genericlibrary.BaseClass">
    <ignored/>
  </testcase> <!-- @BeforeSuite connectDatabase -->
  <testcase name="@AfterSuite disconnectDatabase" time="0.0" classname="com.crm.comcast.genericlibrary.BaseClass">
    <ignored/>
  </testcase> <!-- @AfterSuite disconnectDatabase -->
</testsuite> <!-- Test -->
